<?xml version="1.0" encoding="UTF-8"?>
<!-- Generated by org.testng.reporters.JUnitReportReporter -->
<testsuite hostname="DOM" name="tests.BookingUpToADeclinedPayment" tests="1" failures="0" timestamp="9 May 2016 21:50:08 GMT" time="40.689" errors="0">
  <testcase name="VerifyErrorMessage" time="40.689" classname="tests.BookingUpToADeclinedPayment"/>
</testsuite> <!-- tests.BookingUpToADeclinedPayment -->
